<?xml version="1.0" encoding="UTF-8"?>
<!-- Generated by org.testng.reporters.JUnitReportReporter -->
<testsuite hostname="DESKTOP-VMK3B12" failures="0" tests="3" name="Test.HomePageTest" time="1.916" errors="0" timestamp="2024-06-12T09:09:44 IST" skipped="0">
  <testcase classname="Test.HomePageTest" name="urlTest" time="0.054"/>
  <system-out/>
  <testcase classname="Test.HomePageTest" name="logoTest" time="0.174"/>
  <system-out/>
  <testcase classname="Test.HomePageTest" name="searchFieldText" time="1.688"/>
  <system-out/>
</testsuite> <!-- Test.HomePageTest -->
